
================================================================
======== txAdmin Starting - 2023-03-04, 1:46:08 p.m.            
================================================================
[2:01:23 p.m.] txAdmin: Logger started
[2:05:49 p.m.] [aF47h#1] Casper: joined with identifiers [license:3fec672dee3a48f960a88f9fabdb23b306fb51d8; xbl:2535414016117211; live:914802136228132; discord:260927217729536002; fivem:1422696; license2:bdfa1cfbd4d0bd7190e0dfd6e4af5a2850b315b8]
[2:08:09 p.m.] [aF47h#1] Casper: said "/me ddances"
[2:08:50 p.m.] [aF47h#1] Casper: said "hi"
[2:09:48 p.m.] txAdmin: ((Broadcast) giberic): said "Testing announcement feature"
[2:14:43 p.m.] [aF47h#1] Casper: turned show player IDs on
[2:14:59 p.m.] [aF47h#1] Casper: healed player [#1] Casper
[2:15:00 p.m.] [aF47h#1] Casper: teleported to player [#1] Casper (x=-655.385, y=-892.286, z=24.730)
[2:15:20 p.m.] [aF47h#1] Casper: triggered drunk effect on [#1] Casper
[2:15:24 p.m.] [aF47h#1] Casper: healed player [#1] Casper
[2:16:27 p.m.] [aF47h#1] Casper: enabled super jump
[2:16:56 p.m.] [aF47h#1] Casper: healed themself
[2:17:02 p.m.] [aF47h#1] Casper: spawned a vehicle (model: coquette)
[2:17:35 p.m.] [aF47h#1] Casper: healed themself
[2:17:38 p.m.] [aF47h#1] Casper: repaired their vehicle
[2:17:40 p.m.] [aF47h#1] Casper: boosted their vehicle
[2:17:58 p.m.] [aF47h#1] Casper: boosted their vehicle
[2:18:16 p.m.] [aF47h#1] Casper: repaired their vehicle
[2:18:32 p.m.] [aF47h#1] Casper: repaired their vehicle
[2:18:34 p.m.] [aF47h#1] Casper: repaired their vehicle
[2:19:00 p.m.] [aF47h#1] Casper: repaired their vehicle
[2:19:03 p.m.] [aF47h#1] Casper: deleted a vehicle
[2:19:10 p.m.] [aF47h#1] Casper: became mortal (standard mode)
[2:19:12 p.m.] [aF47h#1] Casper: enabled noclip
[2:19:29 p.m.] [aF47h#1] Casper: became mortal (standard mode)
[2:19:32 p.m.] [aF47h#1] Casper: healed themself
[2:19:50 p.m.] [aF47h#1] Casper: spawned a vehicle (model: t20)
[2:20:06 p.m.] [aF47h#1] Casper: deleted a vehicle
[2:21:08 p.m.] [aF47h#1] Casper: turned show player IDs off
[2:21:14 p.m.] [aF47h#1] Casper: cleared an area with 10m radius
[2:21:19 p.m.] [aF47h#1] Casper: cleared an area with 100m radius
[2:21:28 p.m.] [aF47h#1] Casper: made a server-wide announcement: h i guys
[2:21:55 p.m.] [aF47h#1] Casper: disconnected ([txAdmin] Server restarting (requested by giberic).)
[2:22:04 p.m.] txAdmin: Logger started
[2:22:22 p.m.] [DfAfK#1] Casper: joined with identifiers [license:3fec672dee3a48f960a88f9fabdb23b306fb51d8; xbl:2535414016117211; live:914802136228132; discord:260927217729536002; fivem:1422696; license2:bdfa1cfbd4d0bd7190e0dfd6e4af5a2850b315b8]
[2:41:22 p.m.] [DfAfK#1] Casper: said "/x"
[2:46:58 p.m.] [DfAfK#1] Casper: said "/money"
[2:55:55 p.m.] [DfAfK#1] Casper: said "/givemoneyt"
[2:55:57 p.m.] [DfAfK#1] Casper: said "/givemoney"
[2:57:09 p.m.] [DfAfK#1] Casper: said "/money"
[2:57:12 p.m.] [DfAfK#1] Casper: said "/money-fountain"
[2:57:18 p.m.] [DfAfK#1] Casper: said "/money"
[2:57:23 p.m.] [DfAfK#1] Casper: said "/money-fountain"
[2:57:28 p.m.] [DfAfK#1] Casper: said "money-fountain"
[2:58:31 p.m.] [DfAfK#1] Casper: said "/money"
[2:58:39 p.m.] [DfAfK#1] Casper: disconnected ([txAdmin] Server restarting (requested by giberic).)
[2:58:48 p.m.] txAdmin: Logger started
[2:59:21 p.m.] [DCYAC#1] Casper: joined with identifiers [license:3fec672dee3a48f960a88f9fabdb23b306fb51d8; xbl:2535414016117211; live:914802136228132; discord:260927217729536002; fivem:1422696; license2:bdfa1cfbd4d0bd7190e0dfd6e4af5a2850b315b8]
[3:11:14 p.m.] [DCYAC#1] Casper: said "/money"
[3:13:35 p.m.] [DCYAC#1] Casper: disconnected ([txAdmin] Server restarting (requested by giberic).)
[3:13:44 p.m.] txAdmin: Logger started
[3:14:04 p.m.] [TBQ3m#1] Casper: joined with identifiers [license:3fec672dee3a48f960a88f9fabdb23b306fb51d8; xbl:2535414016117211; live:914802136228132; discord:260927217729536002; fivem:1422696; license2:bdfa1cfbd4d0bd7190e0dfd6e4af5a2850b315b8]
[3:14:47 p.m.] [TBQ3m#1] Casper: said "/money"
[3:15:08 p.m.] [TBQ3m#1] Casper: said "/admin"
[3:16:26 p.m.] [TBQ3m#1] Casper: said "/disconnecy"
[3:16:28 p.m.] [TBQ3m#1] Casper: said "/disconnecy"
[3:16:30 p.m.] [TBQ3m#1] Casper: disconnected (Disconnected.)
[3:17:49 p.m.] [TBQ3m#2] Casper: joined with identifiers [license:3fec672dee3a48f960a88f9fabdb23b306fb51d8; xbl:2535414016117211; live:914802136228132; discord:260927217729536002; fivem:1843138; license2:bdfa1cfbd4d0bd7190e0dfd6e4af5a2850b315b8]
[3:18:42 p.m.] [TBQ3m#2] Casper: said "/money"
[3:20:55 p.m.] [TBQ3m#2] Casper: enabled god mode
[3:20:56 p.m.] [TBQ3m#2] Casper: enabled noclip
[3:21:16 p.m.] [TBQ3m#2] Casper: enabled god mode
[3:21:28 p.m.] [TBQ3m#2] Casper: said "/money"
[3:22:04 p.m.] [TBQ3m#2] Casper: said "/money"
[3:22:11 p.m.] [TBQ3m#2] Casper: said "/money-fountain"
[3:22:15 p.m.] [TBQ3m#2] Casper: said "//money-fountain"
[3:22:21 p.m.] [TBQ3m#2] Casper: said "/money-fountain"
[3:23:53 p.m.] [TBQ3m#2] Casper: said "/money"
[3:24:43 p.m.] [TBQ3m#2] Casper: said "/getmoney"
[3:24:48 p.m.] [TBQ3m#2] Casper: said "/get-money"
[3:25:00 p.m.] [TBQ3m#2] Casper: said "/get-moneyForId"
[3:25:09 p.m.] [TBQ3m#2] Casper: said "/getMoneyForId(1)"
[3:25:20 p.m.] [TBQ3m#2] Casper: said "/getMoneyForId(1)"
[3:25:48 p.m.] [TBQ3m#2] Casper: said "/cash"
[3:25:51 p.m.] [TBQ3m#2] Casper: said "/bank"
[3:25:55 p.m.] [TBQ3m#2] Casper: said "/cash"
[3:25:57 p.m.] [TBQ3m#2] Casper: said "//cash"
[3:26:21 p.m.] [TBQ3m#2] Casper: said "displayUpdate"
[3:26:25 p.m.] [TBQ3m#2] Casper: said "/displayUpdate"
[3:26:28 p.m.] [TBQ3m#2] Casper: said "/money"
[3:27:20 p.m.] [TBQ3m#2] Casper: spawned a vehicle (model: elegy)
[3:28:04 p.m.] [TBQ3m#2] Casper: repaired their vehicle
[3:28:47 p.m.] [TBQ3m#2] Casper: boosted their vehicle
[3:29:16 p.m.] [TBQ3m#2] Casper: healed themself
[3:29:22 p.m.] [TBQ3m#2] Casper: turned show player IDs on
[3:29:24 p.m.] [TBQ3m#2] Casper: turned show player IDs off
[3:34:54 p.m.] [TBQ3m#2] Casper: said "/+mumble"
[3:38:21 p.m.] [TBQ3m#2] Casper: deleted a vehicle
[3:38:28 p.m.] [TBQ3m#2] Casper: spawned a vehicle (model: osiris)
[3:38:33 p.m.] [TBQ3m#2] Casper: boosted their vehicle
[3:40:12 p.m.] [TBQ3m#2] Casper: said "/weather 1"
[4:02:19 p.m.] [TBQ3m#2] Casper: said "/giveMoney 9999"
[4:03:22 p.m.] [TBQ3m#2] Casper: said "/spawn t20"
[4:04:05 p.m.] [TBQ3m#2] Casper: said "/getMoney"
[4:06:14 p.m.] [TBQ3m#2] Casper: said "start ped-money-drops"
[4:06:31 p.m.] [TBQ3m#2] Casper: disconnected (Couldn't load resource ped-money-drops: Couldn't load resource ped-money-drops from resources:/ped-m)
[4:07:46 p.m.] txAdmin: Logger started

================================================================
======== txAdmin Starting - 2023-03-04, 4:12:21 p.m.            
================================================================
[4:12:30 p.m.] txAdmin: Logger started
[4:33:21 p.m.] txAdmin: Logger started
[4:35:23 p.m.] [b7bzL#1] Casper: joined with identifiers [license:3fec672dee3a48f960a88f9fabdb23b306fb51d8; xbl:2535414016117211; live:914802136228132; discord:260927217729536002; fivem:1843138; license2:bdfa1cfbd4d0bd7190e0dfd6e4af5a2850b315b8]
[4:36:39 p.m.] [b7bzL#1] Casper: said "/spawn"
[4:37:03 p.m.] [b7bzL#1] Casper: said "/suicide"
[4:37:09 p.m.] [b7bzL#1] Casper: said "/setHealth(0)"
[4:37:46 p.m.] [b7bzL#1] Casper: healed player [#1] Casper
[4:37:49 p.m.] [b7bzL#1] Casper: triggered wild attack on [#1] Casper
[4:48:21 p.m.] [b7bzL#1] Casper: said "/respawn"
[4:48:25 p.m.] [b7bzL#1] Casper: said "/die"
[4:48:31 p.m.] [b7bzL#1] Casper: said "/forceRespawn"
[4:48:35 p.m.] [b7bzL#1] Casper: said "/forceRespawn(0"
[4:51:37 p.m.] [b7bzL#1] Casper: said "/spawn"
[4:51:40 p.m.] [b7bzL#1] Casper: said "/forceRespawn"
[4:53:41 p.m.] [b7bzL#1] Casper: enabled noclip
[4:53:45 p.m.] [b7bzL#1] Casper: became mortal (standard mode)
[4:53:49 p.m.] [b7bzL#1] Casper: died from suicide (Falling)
[4:55:39 p.m.] [b7bzL#1] Casper: enabled noclip
[4:55:41 p.m.] [b7bzL#1] Casper: became mortal (standard mode)
[4:55:44 p.m.] [b7bzL#1] Casper: died from suicide (Falling)
[4:56:10 p.m.] [b7bzL#1] Casper: enabled noclip
[4:56:12 p.m.] [b7bzL#1] Casper: became mortal (standard mode)
[4:56:15 p.m.] [b7bzL#1] Casper: died from suicide (Falling)
